<?xml version="1.0" encoding="UTF-8"?>
<testsuite xmlns:xsi="http://www.w3.org/2001/XMLSchema-instance" xsi:noNamespaceSchemaLocation="https://maven.apache.org/surefire/maven-surefire-plugin/xsd/surefire-test-report.xsd" version="3.0.2" name="com.example.club.entity.ResultTest" time="0.04" tests="46" errors="0" skipped="0" failures="0" flakes="0">
  <properties>
[...]
</properties>
  <testcase name="testCodeGetterAndSetter" classname="com.example.club.entity.ResultTest" time="0.002"/>
  <testcase name="testErrorWithCustomMessage" classname="com.example.club.entity.ResultTest" time="0.001"/>
  <testcase name="testSuccessWithObjectReturnsCorrectValues" classname="com.example.club.entity.ResultTest" time="0.0"/>
  <testcase name="testResultWithUnicodeInMsg" classname="com.example.club.entity.ResultTest" time="0.001"/>
  <testcase name="testResultWithStringData" classname="com.example.club.entity.ResultTest" time="0.001"/>
  <testcase name="testResultWithListData" classname="com.example.club.entity.ResultTest" time="0.001"/>
  <testcase name="testGetDataReturnsCorrectValue" classname="com.example.club.entity.ResultTest" time="0.001"/>
  <testcase name="testSuccessWithListObject" classname="com.example.club.entity.ResultTest" time="0.001"/>
  <testcase name="testParameterizedConstructor" classname="com.example.club.entity.ResultTest" time="0.0"/>
  <testcase name="testParameterizedConstructorWithNullData" classname="com.example.club.entity.ResultTest" time="0.001"/>
  <testcase name="testSuccessWithBooleanFalseData" classname="com.example.club.entity.ResultTest" time="0.001"/>
  <testcase name="testSetDataUpdatesValue" classname="com.example.club.entity.ResultTest" time="0.0"/>
  <testcase name="testBadRequestResponse" classname="com.example.club.entity.ResultTest" time="0.0"/>
  <testcase name="testSuccessWithNegativeCode" classname="com.example.club.entity.ResultTest" time="0.0"/>
  <testcase name="testChainedSetters" classname="com.example.club.entity.ResultTest" time="0.001"/>
  <testcase name="testResultWithBooleanData" classname="com.example.club.entity.ResultTest" time="0.001"/>
  <testcase name="testSetDataToNull" classname="com.example.club.entity.ResultTest" time="0.0"/>
  <testcase name="testErrorWithEmptyMessage" classname="com.example.club.entity.ResultTest" time="0.001"/>
  <testcase name="testSuccessWithObjectNull" classname="com.example.club.entity.ResultTest" time="0.0"/>
  <testcase name="testCodeCanBeNull" classname="com.example.club.entity.ResultTest" time="0.001"/>
  <testcase name="testMsgGetterAndSetter" classname="com.example.club.entity.ResultTest" time="0.0"/>
  <testcase name="testCodeSetterUpdatesValue" classname="com.example.club.entity.ResultTest" time="0.0"/>
  <testcase name="testErrorWithNullMessage" classname="com.example.club.entity.ResultTest" time="0.001"/>
  <testcase name="testErrorWithMessage" classname="com.example.club.entity.ResultTest" time="0.001"/>
  <testcase name="testCreatedResponse" classname="com.example.club.entity.ResultTest" time="0.0"/>
  <testcase name="testMsgSetterUpdatesValue" classname="com.example.club.entity.ResultTest" time="0.001"/>
  <testcase name="testErrorWithVeryLongMessage" classname="com.example.club.entity.ResultTest" time="0.0"/>
  <testcase name="testMsgCanBeNull" classname="com.example.club.entity.ResultTest" time="0.0"/>
  <testcase name="testApiErrorResponse" classname="com.example.club.entity.ResultTest" time="0.001"/>
  <testcase name="testParameterizedConstructorWithIntegerData" classname="com.example.club.entity.ResultTest" time="0.0"/>
  <testcase name="testResultWithWhitespaceMessage" classname="com.example.club.entity.ResultTest" time="0.001"/>
  <testcase name="testSuccessWithZeroCode" classname="com.example.club.entity.ResultTest" time="0.0"/>
  <testcase name="testSuccessWithZeroData" classname="com.example.club.entity.ResultTest" time="0.001"/>
  <testcase name="testSuccessWithEmptyStringData" classname="com.example.club.entity.ResultTest" time="0.0"/>
  <testcase name="testSuccessNoArgIsNotNull" classname="com.example.club.entity.ResultTest" time="0.001"/>
  <testcase name="testSuccessWithLargeCode" classname="com.example.club.entity.ResultTest" time="0.0"/>
  <testcase name="testSuccessWithMapObject" classname="com.example.club.entity.ResultTest" time="0.001"/>
  <testcase name="testParameterizedConstructorWithObjectData" classname="com.example.club.entity.ResultTest" time="0.0"/>
  <testcase name="testSuccessWithIntegerObject" classname="com.example.club.entity.ResultTest" time="0.0"/>
  <testcase name="testResultWithSpecialCharactersInMsg" classname="com.example.club.entity.ResultTest" time="0.0"/>
  <testcase name="testNotFoundResponse" classname="com.example.club.entity.ResultTest" time="0.0"/>
  <testcase name="testUnauthorizedResponse" classname="com.example.club.entity.ResultTest" time="0.0"/>
  <testcase name="testResultWithIntegerData" classname="com.example.club.entity.ResultTest" time="0.0"/>
  <testcase name="testApiSuccessResponse" classname="com.example.club.entity.ResultTest" time="0.0"/>
  <testcase name="testDefaultConstructor" classname="com.example.club.entity.ResultTest" time="0.001"/>
  <testcase name="testSuccessNoArgReturnsCorrectValues" classname="com.example.club.entity.ResultTest" time="0.0"/>
</testsuite>